[0.013s] Invoking command in '/home/dhanushya/ws_mobile/build/mobile_robot': CMAKE_PREFIX_PATH=/opt/ros/foxy /home/dhanushya/.local/bin/cmake --build /home/dhanushya/ws_mobile/build/mobile_robot -- -j16 -l16
[0.057s] -- Found ament_cmake: 0.9.12 (/opt/ros/foxy/share/ament_cmake/cmake)
[0.062s] [33mCMake Warning (dev) at /opt/ros/foxy/share/ament_cmake_core/cmake/core/python.cmake:22 (find_package):
[0.062s]   Policy CMP0148 is not set: The FindPythonInterp and FindPythonLibs modules
[0.062s]   are removed.  Run "cmake --help-policy CMP0148" for policy details.  Use
[0.062s]   the cmake_policy command to set the policy and suppress this warning.
[0.062s] 
[0.062s] Call Stack (most recent call first):
[0.062s]   /opt/ros/foxy/share/ament_cmake_core/cmake/core/all.cmake:53 (include)
[0.063s]   /opt/ros/foxy/share/ament_cmake_core/cmake/ament_cmake_core-extras.cmake:17 (include)
[0.063s]   /opt/ros/foxy/share/ament_cmake_core/cmake/ament_cmake_coreConfig.cmake:41 (include)
[0.063s]   /opt/ros/foxy/share/ament_cmake/cmake/ament_cmake_export_dependencies-extras.cmake:15 (find_package)
[0.063s]   /opt/ros/foxy/share/ament_cmake/cmake/ament_cmakeConfig.cmake:41 (include)
[0.063s]   CMakeLists.txt:16 (find_package)
[0.063s] This warning is for project developers.  Use -Wno-dev to suppress it.
[0.063s] [0m
[0.080s] -- Using PYTHON_EXECUTABLE: /usr/bin/python3
[0.274s] -- Found ament_lint_auto: 0.9.8 (/opt/ros/foxy/share/ament_lint_auto/cmake)
[0.350s] -- Added test 'copyright' to check source files copyright and LICENSE
[0.354s] -- Added test 'flake8' to check Python code syntax and style conventions
[0.354s] -- Added test 'lint_cmake' to check CMake code style
[0.355s] -- Added test 'pep257' to check Python code against some of the style conventions in PEP 257
[0.357s] -- Added test 'xmllint' to check XML markup files
[0.359s] -- Configuring done (0.3s)
[0.370s] -- Generating done (0.0s)
[0.373s] -- Build files have been written to: /home/dhanushya/ws_mobile/build/mobile_robot
[0.382s] Invoked command in '/home/dhanushya/ws_mobile/build/mobile_robot' returned '0': CMAKE_PREFIX_PATH=/opt/ros/foxy /home/dhanushya/.local/bin/cmake --build /home/dhanushya/ws_mobile/build/mobile_robot -- -j16 -l16
[0.412s] Invoking command in '/home/dhanushya/ws_mobile/build/mobile_robot': CMAKE_PREFIX_PATH=/opt/ros/foxy /home/dhanushya/.local/bin/cmake --install /home/dhanushya/ws_mobile/build/mobile_robot
[0.434s] -- Install configuration: ""
[0.434s] -- Up-to-date: /home/dhanushya/ws_mobile/install/mobile_robot/share/mobile_robot/launch
[0.434s] -- Up-to-date: /home/dhanushya/ws_mobile/install/mobile_robot/share/mobile_robot/launch/apartment.launch.py
[0.434s] -- Up-to-date: /home/dhanushya/ws_mobile/install/mobile_robot/share/mobile_robot/model
[0.434s] -- Up-to-date: /home/dhanushya/ws_mobile/install/mobile_robot/share/mobile_robot/model/robot.xacro
[0.434s] -- Up-to-date: /home/dhanushya/ws_mobile/install/mobile_robot/share/mobile_robot/model/gazebo_model.launch.py
[0.434s] -- Up-to-date: /home/dhanushya/ws_mobile/install/mobile_robot/share/mobile_robot/parameters
[0.434s] -- Up-to-date: /home/dhanushya/ws_mobile/install/mobile_robot/share/mobile_robot/parameters/bridge_parameters.yaml
[0.434s] -- Up-to-date: /home/dhanushya/ws_mobile/install/mobile_robot/share/mobile_robot/gazebo_worlds
[0.434s] -- Up-to-date: /home/dhanushya/ws_mobile/install/mobile_robot/share/mobile_robot/gazebo_worlds/apartment.world
[0.434s] -- Up-to-date: /home/dhanushya/ws_mobile/install/mobile_robot/share/mobile_robot/scripts
[0.434s] -- Up-to-date: /home/dhanushya/ws_mobile/install/mobile_robot/share/mobile_robot/config
[0.434s] -- Installing: /home/dhanushya/ws_mobile/install/mobile_robot/share/mobile_robot/config/robot.rviz
[0.434s] -- Installing: /home/dhanushya/ws_mobile/install/mobile_robot/share/ament_index/resource_index/package_run_dependencies/mobile_robot
[0.435s] -- Installing: /home/dhanushya/ws_mobile/install/mobile_robot/share/ament_index/resource_index/parent_prefix_path/mobile_robot
[0.436s] -- Up-to-date: /home/dhanushya/ws_mobile/install/mobile_robot/share/mobile_robot/environment/ament_prefix_path.sh
[0.436s] -- Installing: /home/dhanushya/ws_mobile/install/mobile_robot/share/mobile_robot/environment/ament_prefix_path.dsv
[0.436s] -- Up-to-date: /home/dhanushya/ws_mobile/install/mobile_robot/share/mobile_robot/environment/path.sh
[0.436s] -- Installing: /home/dhanushya/ws_mobile/install/mobile_robot/share/mobile_robot/environment/path.dsv
[0.436s] -- Up-to-date: /home/dhanushya/ws_mobile/install/mobile_robot/share/mobile_robot/local_setup.bash
[0.437s] -- Up-to-date: /home/dhanushya/ws_mobile/install/mobile_robot/share/mobile_robot/local_setup.sh
[0.437s] -- Up-to-date: /home/dhanushya/ws_mobile/install/mobile_robot/share/mobile_robot/local_setup.zsh
[0.437s] -- Installing: /home/dhanushya/ws_mobile/install/mobile_robot/share/mobile_robot/local_setup.dsv
[0.437s] -- Installing: /home/dhanushya/ws_mobile/install/mobile_robot/share/mobile_robot/package.dsv
[0.437s] -- Up-to-date: /home/dhanushya/ws_mobile/install/mobile_robot/share/ament_index/resource_index/packages/mobile_robot
[0.437s] -- Up-to-date: /home/dhanushya/ws_mobile/install/mobile_robot/share/mobile_robot/cmake/mobile_robotConfig.cmake
[0.437s] -- Up-to-date: /home/dhanushya/ws_mobile/install/mobile_robot/share/mobile_robot/cmake/mobile_robotConfig-version.cmake
[0.437s] -- Installing: /home/dhanushya/ws_mobile/install/mobile_robot/share/mobile_robot/package.xml
[0.442s] Invoked command in '/home/dhanushya/ws_mobile/build/mobile_robot' returned '0': CMAKE_PREFIX_PATH=/opt/ros/foxy /home/dhanushya/.local/bin/cmake --install /home/dhanushya/ws_mobile/build/mobile_robot
