running egg_info
creating ../../build/wall_follower_robot/wall_follower_robot.egg-info
writing ../../build/wall_follower_robot/wall_follower_robot.egg-info/PKG-INFO
writing dependency_links to ../../build/wall_follower_robot/wall_follower_robot.egg-info/dependency_links.txt
writing requirements to ../../build/wall_follower_robot/wall_follower_robot.egg-info/requires.txt
writing top-level names to ../../build/wall_follower_robot/wall_follower_robot.egg-info/top_level.txt
writing manifest file '../../build/wall_follower_robot/wall_follower_robot.egg-info/SOURCES.txt'
reading manifest file '../../build/wall_follower_robot/wall_follower_robot.egg-info/SOURCES.txt'
writing manifest file '../../build/wall_follower_robot/wall_follower_robot.egg-info/SOURCES.txt'
running build
running build_py
creating /home/dhanushya/ws_mobile/build/wall_follower_robot/build
creating /home/dhanushya/ws_mobile/build/wall_follower_robot/build/lib
creating /home/dhanushya/ws_mobile/build/wall_follower_robot/build/lib/wall_follower_robot
copying wall_follower_robot/__init__.py -> /home/dhanushya/ws_mobile/build/wall_follower_robot/build/lib/wall_follower_robot
copying wall_follower_robot/wall_following_robot.py -> /home/dhanushya/ws_mobile/build/wall_follower_robot/build/lib/wall_follower_robot
running install
running install_lib
creating /home/dhanushya/ws_mobile/install/wall_follower_robot/lib/python3.8/site-packages/wall_follower_robot
copying /home/dhanushya/ws_mobile/build/wall_follower_robot/build/lib/wall_follower_robot/__init__.py -> /home/dhanushya/ws_mobile/install/wall_follower_robot/lib/python3.8/site-packages/wall_follower_robot
copying /home/dhanushya/ws_mobile/build/wall_follower_robot/build/lib/wall_follower_robot/wall_following_robot.py -> /home/dhanushya/ws_mobile/install/wall_follower_robot/lib/python3.8/site-packages/wall_follower_robot
byte-compiling /home/dhanushya/ws_mobile/install/wall_follower_robot/lib/python3.8/site-packages/wall_follower_robot/__init__.py to __init__.cpython-38.pyc
byte-compiling /home/dhanushya/ws_mobile/install/wall_follower_robot/lib/python3.8/site-packages/wall_follower_robot/wall_following_robot.py to wall_following_robot.cpython-38.pyc
running install_data
creating /home/dhanushya/ws_mobile/install/wall_follower_robot/share/ament_index
creating /home/dhanushya/ws_mobile/install/wall_follower_robot/share/ament_index/resource_index
creating /home/dhanushya/ws_mobile/install/wall_follower_robot/share/ament_index/resource_index/packages
copying resource/wall_follower_robot -> /home/dhanushya/ws_mobile/install/wall_follower_robot/share/ament_index/resource_index/packages
copying package.xml -> /home/dhanushya/ws_mobile/install/wall_follower_robot/share/wall_follower_robot
running install_egg_info
Copying ../../build/wall_follower_robot/wall_follower_robot.egg-info to /home/dhanushya/ws_mobile/install/wall_follower_robot/lib/python3.8/site-packages/wall_follower_robot-0.0.0-py3.8.egg-info
running install_scripts
writing list of installed files to '/home/dhanushya/ws_mobile/build/wall_follower_robot/install.log'
