[0.963s] Invoking command in '/home/dhanushya/ws_mobile/src/wall_follower_robot': PYTHONPATH=/home/dhanushya/ws_mobile/build/wall_follower_robot/prefix_override:/usr/lib/python3/dist-packages/colcon_core/task/python/colcon_distutils_commands:/home/dhanushya/ws_mobile/install/wall_follower_robot/lib/python3.8/site-packages:${PYTHONPATH} /usr/bin/python3 -W ignore:setup.py install is deprecated -W ignore:easy_install command is deprecated setup.py egg_info --egg-base ../../build/wall_follower_robot build --build-base /home/dhanushya/ws_mobile/build/wall_follower_robot/build install --record /home/dhanushya/ws_mobile/build/wall_follower_robot/install.log --install-scripts $base/lib/wall_follower_robot --single-version-externally-managed install_data
[1.073s] /home/dhanushya/.local/lib/python3.8/site-packages/setuptools/dist.py:476: SetuptoolsDeprecationWarning: Invalid dash-separated options
[1.073s] !!
[1.073s] 
[1.073s]         ********************************************************************************
[1.073s]         Usage of dash-separated 'script-dir' will not be supported in future
[1.073s]         versions. Please use the underscore name 'script_dir' instead.
[1.073s] 
[1.073s]         This deprecation is overdue, please update your project and remove deprecated
[1.073s]         calls to avoid build errors in the future.
[1.074s] 
[1.074s]         See https://setuptools.pypa.io/en/latest/userguide/declarative_config.html for details.
[1.074s]         ********************************************************************************
[1.074s] 
[1.074s] !!
[1.074s]   opt = self.warn_dash_deprecation(opt, section)
[1.211s] running egg_info
[1.211s] creating ../../build/wall_follower_robot/wall_follower_robot.egg-info
[1.230s] writing ../../build/wall_follower_robot/wall_follower_robot.egg-info/PKG-INFO
[1.231s] writing dependency_links to ../../build/wall_follower_robot/wall_follower_robot.egg-info/dependency_links.txt
[1.231s] writing requirements to ../../build/wall_follower_robot/wall_follower_robot.egg-info/requires.txt
[1.231s] writing top-level names to ../../build/wall_follower_robot/wall_follower_robot.egg-info/top_level.txt
[1.321s] writing manifest file '../../build/wall_follower_robot/wall_follower_robot.egg-info/SOURCES.txt'
[1.365s] reading manifest file '../../build/wall_follower_robot/wall_follower_robot.egg-info/SOURCES.txt'
[1.366s] writing manifest file '../../build/wall_follower_robot/wall_follower_robot.egg-info/SOURCES.txt'
[1.366s] running build
[1.366s] running build_py
[1.366s] creating /home/dhanushya/ws_mobile/build/wall_follower_robot/build
[1.366s] creating /home/dhanushya/ws_mobile/build/wall_follower_robot/build/lib
[1.366s] creating /home/dhanushya/ws_mobile/build/wall_follower_robot/build/lib/wall_follower_robot
[1.366s] copying wall_follower_robot/__init__.py -> /home/dhanushya/ws_mobile/build/wall_follower_robot/build/lib/wall_follower_robot
[1.366s] copying wall_follower_robot/wall_following_robot.py -> /home/dhanushya/ws_mobile/build/wall_follower_robot/build/lib/wall_follower_robot
[1.366s] running install
[1.370s] running install_lib
[1.389s] creating /home/dhanushya/ws_mobile/install/wall_follower_robot/lib/python3.8/site-packages/wall_follower_robot
[1.389s] copying /home/dhanushya/ws_mobile/build/wall_follower_robot/build/lib/wall_follower_robot/__init__.py -> /home/dhanushya/ws_mobile/install/wall_follower_robot/lib/python3.8/site-packages/wall_follower_robot
[1.390s] copying /home/dhanushya/ws_mobile/build/wall_follower_robot/build/lib/wall_follower_robot/wall_following_robot.py -> /home/dhanushya/ws_mobile/install/wall_follower_robot/lib/python3.8/site-packages/wall_follower_robot
[1.391s] byte-compiling /home/dhanushya/ws_mobile/install/wall_follower_robot/lib/python3.8/site-packages/wall_follower_robot/__init__.py to __init__.cpython-38.pyc
[1.392s] byte-compiling /home/dhanushya/ws_mobile/install/wall_follower_robot/lib/python3.8/site-packages/wall_follower_robot/wall_following_robot.py to wall_following_robot.cpython-38.pyc
[1.396s] running install_data
[1.396s] creating /home/dhanushya/ws_mobile/install/wall_follower_robot/share/ament_index
[1.397s] creating /home/dhanushya/ws_mobile/install/wall_follower_robot/share/ament_index/resource_index
[1.397s] creating /home/dhanushya/ws_mobile/install/wall_follower_robot/share/ament_index/resource_index/packages
[1.397s] copying resource/wall_follower_robot -> /home/dhanushya/ws_mobile/install/wall_follower_robot/share/ament_index/resource_index/packages
[1.397s] copying package.xml -> /home/dhanushya/ws_mobile/install/wall_follower_robot/share/wall_follower_robot
[1.397s] running install_egg_info
[1.417s] Copying ../../build/wall_follower_robot/wall_follower_robot.egg-info to /home/dhanushya/ws_mobile/install/wall_follower_robot/lib/python3.8/site-packages/wall_follower_robot-0.0.0-py3.8.egg-info
[1.419s] running install_scripts
[1.470s] writing list of installed files to '/home/dhanushya/ws_mobile/build/wall_follower_robot/install.log'
[1.494s] Invoked command in '/home/dhanushya/ws_mobile/src/wall_follower_robot' returned '0': PYTHONPATH=/home/dhanushya/ws_mobile/build/wall_follower_robot/prefix_override:/usr/lib/python3/dist-packages/colcon_core/task/python/colcon_distutils_commands:/home/dhanushya/ws_mobile/install/wall_follower_robot/lib/python3.8/site-packages:${PYTHONPATH} /usr/bin/python3 -W ignore:setup.py install is deprecated -W ignore:easy_install command is deprecated setup.py egg_info --egg-base ../../build/wall_follower_robot build --build-base /home/dhanushya/ws_mobile/build/wall_follower_robot/build install --record /home/dhanushya/ws_mobile/build/wall_follower_robot/install.log --install-scripts $base/lib/wall_follower_robot --single-version-externally-managed install_data
