running egg_info
writing ../../build/wall_follower_robot/wall_follower_robot.egg-info/PKG-INFO
writing dependency_links to ../../build/wall_follower_robot/wall_follower_robot.egg-info/dependency_links.txt
writing requirements to ../../build/wall_follower_robot/wall_follower_robot.egg-info/requires.txt
writing top-level names to ../../build/wall_follower_robot/wall_follower_robot.egg-info/top_level.txt
reading manifest file '../../build/wall_follower_robot/wall_follower_robot.egg-info/SOURCES.txt'
writing manifest file '../../build/wall_follower_robot/wall_follower_robot.egg-info/SOURCES.txt'
running build
running build_py
copying wall_follower_robot/wall_following_robot.py -> /home/dhanushya/ws_mobile/build/wall_follower_robot/build/lib/wall_follower_robot
running install
running install_lib
copying /home/dhanushya/ws_mobile/build/wall_follower_robot/build/lib/wall_follower_robot/wall_following_robot.py -> /home/dhanushya/ws_mobile/install/wall_follower_robot/lib/python3.8/site-packages/wall_follower_robot
byte-compiling /home/dhanushya/ws_mobile/install/wall_follower_robot/lib/python3.8/site-packages/wall_follower_robot/wall_following_robot.py to wall_following_robot.cpython-38.pyc
running install_data
running install_egg_info
removing '/home/dhanushya/ws_mobile/install/wall_follower_robot/lib/python3.8/site-packages/wall_follower_robot-0.0.0-py3.8.egg-info' (and everything under it)
Copying ../../build/wall_follower_robot/wall_follower_robot.egg-info to /home/dhanushya/ws_mobile/install/wall_follower_robot/lib/python3.8/site-packages/wall_follower_robot-0.0.0-py3.8.egg-info
running install_scripts
writing list of installed files to '/home/dhanushya/ws_mobile/build/wall_follower_robot/install.log'
