[0.873s] Invoking command in '/home/dhanushya/ws_mobile/src/wall_follower_robot': PYTHONPATH=/home/dhanushya/ws_mobile/build/wall_follower_robot/prefix_override:/usr/lib/python3/dist-packages/colcon_core/task/python/colcon_distutils_commands:/home/dhanushya/ws_mobile/install/wall_follower_robot/lib/python3.8/site-packages:${PYTHONPATH} /usr/bin/python3 -W ignore:setup.py install is deprecated -W ignore:easy_install command is deprecated setup.py egg_info --egg-base ../../build/wall_follower_robot build --build-base /home/dhanushya/ws_mobile/build/wall_follower_robot/build install --record /home/dhanushya/ws_mobile/build/wall_follower_robot/install.log --install-scripts $base/lib/wall_follower_robot --single-version-externally-managed install_data
[0.972s] /home/dhanushya/.local/lib/python3.8/site-packages/setuptools/dist.py:476: SetuptoolsDeprecationWarning: Invalid dash-separated options
[0.972s] !!
[0.972s] 
[0.972s]         ********************************************************************************
[0.972s]         Usage of dash-separated 'script-dir' will not be supported in future
[0.972s]         versions. Please use the underscore name 'script_dir' instead.
[0.972s] 
[0.972s]         This deprecation is overdue, please update your project and remove deprecated
[0.972s]         calls to avoid build errors in the future.
[0.973s] 
[0.973s]         See https://setuptools.pypa.io/en/latest/userguide/declarative_config.html for details.
[0.973s]         ********************************************************************************
[0.973s] 
[0.973s] !!
[0.973s]   opt = self.warn_dash_deprecation(opt, section)
[1.098s] running egg_info
[1.115s] writing ../../build/wall_follower_robot/wall_follower_robot.egg-info/PKG-INFO
[1.116s] writing dependency_links to ../../build/wall_follower_robot/wall_follower_robot.egg-info/dependency_links.txt
[1.116s] writing requirements to ../../build/wall_follower_robot/wall_follower_robot.egg-info/requires.txt
[1.116s] writing top-level names to ../../build/wall_follower_robot/wall_follower_robot.egg-info/top_level.txt
[1.240s] reading manifest file '../../build/wall_follower_robot/wall_follower_robot.egg-info/SOURCES.txt'
[1.241s] writing manifest file '../../build/wall_follower_robot/wall_follower_robot.egg-info/SOURCES.txt'
[1.241s] running build
[1.241s] running build_py
[1.241s] copying wall_follower_robot/wall_following_robot.py -> /home/dhanushya/ws_mobile/build/wall_follower_robot/build/lib/wall_follower_robot
[1.242s] running install
[1.245s] running install_lib
[1.265s] copying /home/dhanushya/ws_mobile/build/wall_follower_robot/build/lib/wall_follower_robot/wall_following_robot.py -> /home/dhanushya/ws_mobile/install/wall_follower_robot/lib/python3.8/site-packages/wall_follower_robot
[1.267s] byte-compiling /home/dhanushya/ws_mobile/install/wall_follower_robot/lib/python3.8/site-packages/wall_follower_robot/wall_following_robot.py to wall_following_robot.cpython-38.pyc
[1.272s] running install_data
[1.272s] running install_egg_info
[1.294s] removing '/home/dhanushya/ws_mobile/install/wall_follower_robot/lib/python3.8/site-packages/wall_follower_robot-0.0.0-py3.8.egg-info' (and everything under it)
[1.294s] Copying ../../build/wall_follower_robot/wall_follower_robot.egg-info to /home/dhanushya/ws_mobile/install/wall_follower_robot/lib/python3.8/site-packages/wall_follower_robot-0.0.0-py3.8.egg-info
[1.296s] running install_scripts
[1.346s] writing list of installed files to '/home/dhanushya/ws_mobile/build/wall_follower_robot/install.log'
[1.363s] Invoked command in '/home/dhanushya/ws_mobile/src/wall_follower_robot' returned '0': PYTHONPATH=/home/dhanushya/ws_mobile/build/wall_follower_robot/prefix_override:/usr/lib/python3/dist-packages/colcon_core/task/python/colcon_distutils_commands:/home/dhanushya/ws_mobile/install/wall_follower_robot/lib/python3.8/site-packages:${PYTHONPATH} /usr/bin/python3 -W ignore:setup.py install is deprecated -W ignore:easy_install command is deprecated setup.py egg_info --egg-base ../../build/wall_follower_robot build --build-base /home/dhanushya/ws_mobile/build/wall_follower_robot/build install --record /home/dhanushya/ws_mobile/build/wall_follower_robot/install.log --install-scripts $base/lib/wall_follower_robot --single-version-externally-managed install_data
